27/06/2019 09:42:46 - [fr.vmarchaud.mineweb.bukkit.BukkitCore.onEnable] - INFO - Loading ...
27/06/2019 09:42:47 - [fr.vmarchaud.mineweb.bukkit.BukkitCore.onEnable] - INFO - Registering route ...
27/06/2019 09:42:47 - [fr.vmarchaud.mineweb.bukkit.BukkitCore.onEnable] - INFO - Start http server ...
27/06/2019 09:42:47 - [fr.vmarchaud.mineweb.bukkit.BukkitCore.onEnable] - INFO - Registering methods ...
27/06/2019 09:42:47 - [fr.vmarchaud.mineweb.bukkit.BukkitCore.onEnable] - INFO - Starting CommandScheduler ...
27/06/2019 09:42:47 - [fr.vmarchaud.mineweb.bukkit.BukkitCore.onEnable] - INFO - Ready !
27/06/2019 09:42:47 - [fr.vmarchaud.mineweb.common.injector.WebThread.run] - INFO - HTTP server start failed! (null)
27/06/2019 10:23:38 - [fr.vmarchaud.mineweb.bukkit.BukkitCore.onEnable] - INFO - Loading ...
27/06/2019 10:23:38 - [fr.vmarchaud.mineweb.bukkit.BukkitCore.onEnable] - INFO - Registering route ...
27/06/2019 10:23:38 - [fr.vmarchaud.mineweb.bukkit.BukkitCore.onEnable] - INFO - Start http server ...
27/06/2019 10:23:38 - [fr.vmarchaud.mineweb.bukkit.BukkitCore.onEnable] - INFO - Registering methods ...
27/06/2019 10:23:38 - [fr.vmarchaud.mineweb.bukkit.BukkitCore.onEnable] - INFO - Starting CommandScheduler ...
27/06/2019 10:23:38 - [fr.vmarchaud.mineweb.bukkit.BukkitCore.onEnable] - INFO - Ready !
27/06/2019 10:23:38 - [fr.vmarchaud.mineweb.common.injector.WebThread.run] - INFO - HTTP server start failed! (null)
28/06/2019 10:45:14 - [fr.vmarchaud.mineweb.bukkit.BukkitCore.onDisable] - INFO - Shutting down ...
28/06/2019 11:00:39 - [fr.vmarchaud.mineweb.bukkit.BukkitCore.onEnable] - INFO - Loading ...
28/06/2019 11:00:39 - [fr.vmarchaud.mineweb.bukkit.BukkitCore.onEnable] - INFO - Registering route ...
28/06/2019 11:00:39 - [fr.vmarchaud.mineweb.bukkit.BukkitCore.onEnable] - INFO - Start http server ...
28/06/2019 11:00:39 - [fr.vmarchaud.mineweb.bukkit.BukkitCore.onEnable] - INFO - Registering methods ...
28/06/2019 11:00:39 - [fr.vmarchaud.mineweb.bukkit.BukkitCore.onEnable] - INFO - Starting CommandScheduler ...
28/06/2019 11:00:39 - [fr.vmarchaud.mineweb.bukkit.BukkitCore.onEnable] - INFO - Ready !
28/06/2019 11:00:39 - [fr.vmarchaud.mineweb.common.injector.WebThread.run] - INFO - HTTP server start failed! (null)
28/06/2019 10:15:48 - [fr.vmarchaud.mineweb.bukkit.BukkitCore.onEnable] - INFO - Loading ...
28/06/2019 10:15:48 - [fr.vmarchaud.mineweb.bukkit.BukkitCore.onEnable] - INFO - Registering route ...
28/06/2019 10:15:48 - [fr.vmarchaud.mineweb.bukkit.BukkitCore.onEnable] - INFO - Start http server ...
28/06/2019 10:15:48 - [fr.vmarchaud.mineweb.bukkit.BukkitCore.onEnable] - INFO - Registering methods ...
28/06/2019 10:15:48 - [fr.vmarchaud.mineweb.bukkit.BukkitCore.onEnable] - INFO - Starting CommandScheduler ...
28/06/2019 10:15:48 - [fr.vmarchaud.mineweb.bukkit.BukkitCore.onEnable] - INFO - Ready !
28/06/2019 10:15:48 - [fr.vmarchaud.mineweb.common.injector.WebThread.run] - INFO - HTTP server start failed! (null)
28/06/2019 10:20:36 - [fr.vmarchaud.mineweb.bukkit.BukkitCore.onEnable] - INFO - Loading ...
28/06/2019 10:20:36 - [fr.vmarchaud.mineweb.bukkit.BukkitCore.onEnable] - INFO - Registering route ...
28/06/2019 10:20:36 - [fr.vmarchaud.mineweb.bukkit.BukkitCore.onEnable] - INFO - Start http server ...
28/06/2019 10:20:36 - [fr.vmarchaud.mineweb.bukkit.BukkitCore.onEnable] - INFO - Registering methods ...
28/06/2019 10:20:36 - [fr.vmarchaud.mineweb.bukkit.BukkitCore.onEnable] - INFO - Starting CommandScheduler ...
28/06/2019 10:20:36 - [fr.vmarchaud.mineweb.bukkit.BukkitCore.onEnable] - INFO - Ready !
28/06/2019 10:20:36 - [fr.vmarchaud.mineweb.common.injector.WebThread.run] - INFO - HTTP server start failed! (null)
28/06/2019 10:31:50 - [fr.vmarchaud.mineweb.bukkit.BukkitCore.onEnable] - INFO - Loading ...
28/06/2019 10:31:50 - [fr.vmarchaud.mineweb.bukkit.BukkitCore.onEnable] - INFO - Registering route ...
28/06/2019 10:31:50 - [fr.vmarchaud.mineweb.bukkit.BukkitCore.onEnable] - INFO - Start http server ...
28/06/2019 10:31:50 - [fr.vmarchaud.mineweb.bukkit.BukkitCore.onEnable] - INFO - Registering methods ...
28/06/2019 10:31:50 - [fr.vmarchaud.mineweb.bukkit.BukkitCore.onEnable] - INFO - Starting CommandScheduler ...
28/06/2019 10:31:50 - [fr.vmarchaud.mineweb.bukkit.BukkitCore.onEnable] - INFO - Ready !
28/06/2019 10:31:50 - [fr.vmarchaud.mineweb.common.injector.WebThread.run] - INFO - HTTP server start failed! (null)
29/06/2019 12:01:05 - [fr.vmarchaud.mineweb.bukkit.BukkitCore.onDisable] - INFO - Shutting down ...
29/06/2019 12:01:39 - [fr.vmarchaud.mineweb.bukkit.BukkitCore.onEnable] - INFO - Loading ...
29/06/2019 12:01:40 - [fr.vmarchaud.mineweb.bukkit.BukkitCore.onEnable] - INFO - Registering route ...
29/06/2019 12:01:40 - [fr.vmarchaud.mineweb.bukkit.BukkitCore.onEnable] - INFO - Start http server ...
29/06/2019 12:01:40 - [fr.vmarchaud.mineweb.bukkit.BukkitCore.onEnable] - INFO - Registering methods ...
29/06/2019 12:01:40 - [fr.vmarchaud.mineweb.bukkit.BukkitCore.onEnable] - INFO - Starting CommandScheduler ...
29/06/2019 12:01:40 - [fr.vmarchaud.mineweb.bukkit.BukkitCore.onEnable] - INFO - Ready !
29/06/2019 12:01:40 - [fr.vmarchaud.mineweb.common.injector.WebThread.run] - INFO - HTTP server start failed! (null)
29/06/2019 12:28:17 - [fr.vmarchaud.mineweb.bukkit.BukkitCore.onDisable] - INFO - Shutting down ...
29/06/2019 12:28:46 - [fr.vmarchaud.mineweb.bukkit.BukkitCore.onEnable] - INFO - Loading ...
29/06/2019 12:28:46 - [fr.vmarchaud.mineweb.bukkit.BukkitCore.onEnable] - INFO - Registering route ...
29/06/2019 12:28:46 - [fr.vmarchaud.mineweb.bukkit.BukkitCore.onEnable] - INFO - Start http server ...
29/06/2019 12:28:46 - [fr.vmarchaud.mineweb.bukkit.BukkitCore.onEnable] - INFO - Registering methods ...
29/06/2019 12:28:46 - [fr.vmarchaud.mineweb.bukkit.BukkitCore.onEnable] - INFO - Starting CommandScheduler ...
29/06/2019 12:28:46 - [fr.vmarchaud.mineweb.bukkit.BukkitCore.onEnable] - INFO - Ready !
29/06/2019 12:28:46 - [fr.vmarchaud.mineweb.common.injector.WebThread.run] - INFO - HTTP server start failed! (null)
29/06/2019 12:32:02 - [fr.vmarchaud.mineweb.bukkit.BukkitCore.onDisable] - INFO - Shutting down ...
29/06/2019 12:32:31 - [fr.vmarchaud.mineweb.bukkit.BukkitCore.onEnable] - INFO - Loading ...
29/06/2019 12:32:31 - [fr.vmarchaud.mineweb.bukkit.BukkitCore.onEnable] - INFO - Registering route ...
29/06/2019 12:32:31 - [fr.vmarchaud.mineweb.bukkit.BukkitCore.onEnable] - INFO - Start http server ...
29/06/2019 12:32:31 - [fr.vmarchaud.mineweb.bukkit.BukkitCore.onEnable] - INFO - Registering methods ...
29/06/2019 12:32:31 - [fr.vmarchaud.mineweb.bukkit.BukkitCore.onEnable] - INFO - Starting CommandScheduler ...
29/06/2019 12:32:31 - [fr.vmarchaud.mineweb.bukkit.BukkitCore.onEnable] - INFO - Ready !
29/06/2019 12:32:32 - [fr.vmarchaud.mineweb.common.injector.WebThread.run] - INFO - HTTP server start failed! (null)
29/06/2019 12:36:30 - [fr.vmarchaud.mineweb.bukkit.BukkitCore.onDisable] - INFO - Shutting down ...
29/06/2019 12:36:57 - [fr.vmarchaud.mineweb.bukkit.BukkitCore.onEnable] - INFO - Loading ...
29/06/2019 12:36:57 - [fr.vmarchaud.mineweb.bukkit.BukkitCore.onEnable] - INFO - Registering route ...
29/06/2019 12:36:57 - [fr.vmarchaud.mineweb.bukkit.BukkitCore.onEnable] - INFO - Start http server ...
29/06/2019 12:36:57 - [fr.vmarchaud.mineweb.bukkit.BukkitCore.onEnable] - INFO - Registering methods ...
29/06/2019 12:36:57 - [fr.vmarchaud.mineweb.bukkit.BukkitCore.onEnable] - INFO - Starting CommandScheduler ...
29/06/2019 12:36:57 - [fr.vmarchaud.mineweb.bukkit.BukkitCore.onEnable] - INFO - Ready !
29/06/2019 12:36:57 - [fr.vmarchaud.mineweb.common.injector.WebThread.run] - INFO - HTTP server start failed! (null)
29/06/2019 12:38:53 - [fr.vmarchaud.mineweb.bukkit.BukkitCore.onDisable] - INFO - Shutting down ...
29/06/2019 12:39:16 - [fr.vmarchaud.mineweb.bukkit.BukkitCore.onEnable] - INFO - Loading ...
29/06/2019 12:39:16 - [fr.vmarchaud.mineweb.bukkit.BukkitCore.onEnable] - INFO - Registering route ...
29/06/2019 12:39:16 - [fr.vmarchaud.mineweb.bukkit.BukkitCore.onEnable] - INFO - Start http server ...
29/06/2019 12:39:16 - [fr.vmarchaud.mineweb.bukkit.BukkitCore.onEnable] - INFO - Registering methods ...
29/06/2019 12:39:16 - [fr.vmarchaud.mineweb.bukkit.BukkitCore.onEnable] - INFO - Starting CommandScheduler ...
29/06/2019 12:39:16 - [fr.vmarchaud.mineweb.bukkit.BukkitCore.onEnable] - INFO - Ready !
29/06/2019 12:39:16 - [fr.vmarchaud.mineweb.common.injector.WebThread.run] - INFO - HTTP server start failed! (null)
29/06/2019 06:46:07 - [fr.vmarchaud.mineweb.bukkit.BukkitCore.onEnable] - INFO - Loading ...
29/06/2019 06:46:07 - [fr.vmarchaud.mineweb.bukkit.BukkitCore.onEnable] - INFO - Registering route ...
29/06/2019 06:46:07 - [fr.vmarchaud.mineweb.bukkit.BukkitCore.onEnable] - INFO - Start http server ...
29/06/2019 06:46:07 - [fr.vmarchaud.mineweb.bukkit.BukkitCore.onEnable] - INFO - Registering methods ...
29/06/2019 06:46:07 - [fr.vmarchaud.mineweb.bukkit.BukkitCore.onEnable] - INFO - Starting CommandScheduler ...
29/06/2019 06:46:07 - [fr.vmarchaud.mineweb.bukkit.BukkitCore.onEnable] - INFO - Ready !
29/06/2019 06:46:07 - [fr.vmarchaud.mineweb.common.injector.WebThread.run] - INFO - HTTP server start failed! (null)
29/06/2019 07:15:04 - [fr.vmarchaud.mineweb.bukkit.BukkitCore.onEnable] - INFO - Loading ...
29/06/2019 07:15:04 - [fr.vmarchaud.mineweb.bukkit.BukkitCore.onEnable] - INFO - Registering route ...
29/06/2019 07:15:04 - [fr.vmarchaud.mineweb.bukkit.BukkitCore.onEnable] - INFO - Start http server ...
29/06/2019 07:15:04 - [fr.vmarchaud.mineweb.bukkit.BukkitCore.onEnable] - INFO - Registering methods ...
29/06/2019 07:15:04 - [fr.vmarchaud.mineweb.common.injector.WebThread.run] - INFO - HTTP server start failed! (null)
29/06/2019 07:15:04 - [fr.vmarchaud.mineweb.bukkit.BukkitCore.onEnable] - INFO - Starting CommandScheduler ...
29/06/2019 07:15:04 - [fr.vmarchaud.mineweb.bukkit.BukkitCore.onEnable] - INFO - Ready !
29/06/2019 07:18:21 - [fr.vmarchaud.mineweb.bukkit.BukkitCore.onDisable] - INFO - Shutting down ...
29/06/2019 07:18:46 - [fr.vmarchaud.mineweb.bukkit.BukkitCore.onEnable] - INFO - Loading ...
29/06/2019 07:18:46 - [fr.vmarchaud.mineweb.bukkit.BukkitCore.onEnable] - INFO - Registering route ...
29/06/2019 07:18:46 - [fr.vmarchaud.mineweb.bukkit.BukkitCore.onEnable] - INFO - Start http server ...
29/06/2019 07:18:46 - [fr.vmarchaud.mineweb.bukkit.BukkitCore.onEnable] - INFO - Registering methods ...
29/06/2019 07:18:46 - [fr.vmarchaud.mineweb.common.injector.WebThread.run] - INFO - HTTP server start failed! (null)
29/06/2019 07:18:46 - [fr.vmarchaud.mineweb.bukkit.BukkitCore.onEnable] - INFO - Starting CommandScheduler ...
29/06/2019 07:18:46 - [fr.vmarchaud.mineweb.bukkit.BukkitCore.onEnable] - INFO - Ready !
29/06/2019 07:20:29 - [fr.vmarchaud.mineweb.bukkit.BukkitCore.onDisable] - INFO - Shutting down ...
29/06/2019 07:20:52 - [fr.vmarchaud.mineweb.bukkit.BukkitCore.onEnable] - INFO - Loading ...
29/06/2019 07:20:52 - [fr.vmarchaud.mineweb.bukkit.BukkitCore.onEnable] - INFO - Registering route ...
29/06/2019 07:20:52 - [fr.vmarchaud.mineweb.bukkit.BukkitCore.onEnable] - INFO - Start http server ...
29/06/2019 07:20:52 - [fr.vmarchaud.mineweb.bukkit.BukkitCore.onEnable] - INFO - Registering methods ...
29/06/2019 07:20:52 - [fr.vmarchaud.mineweb.bukkit.BukkitCore.onEnable] - INFO - Starting CommandScheduler ...
29/06/2019 07:20:52 - [fr.vmarchaud.mineweb.bukkit.BukkitCore.onEnable] - INFO - Ready !
29/06/2019 07:20:52 - [fr.vmarchaud.mineweb.common.injector.WebThread.run] - INFO - HTTP server start failed! (null)
29/06/2019 07:21:10 - [fr.vmarchaud.mineweb.bukkit.BukkitCore.onDisable] - INFO - Shutting down ...
29/06/2019 07:22:50 - [fr.vmarchaud.mineweb.bukkit.BukkitCore.onEnable] - INFO - Loading ...
29/06/2019 07:22:50 - [fr.vmarchaud.mineweb.bukkit.BukkitCore.onEnable] - INFO - Registering route ...
29/06/2019 07:22:50 - [fr.vmarchaud.mineweb.bukkit.BukkitCore.onEnable] - INFO - Start http server ...
29/06/2019 07:22:50 - [fr.vmarchaud.mineweb.bukkit.BukkitCore.onEnable] - INFO - Registering methods ...
29/06/2019 07:22:50 - [fr.vmarchaud.mineweb.common.injector.WebThread.run] - INFO - HTTP server start failed! (null)
29/06/2019 07:22:50 - [fr.vmarchaud.mineweb.bukkit.BukkitCore.onEnable] - INFO - Starting CommandScheduler ...
29/06/2019 07:22:50 - [fr.vmarchaud.mineweb.bukkit.BukkitCore.onEnable] - INFO - Ready !
29/06/2019 07:31:05 - [fr.vmarchaud.mineweb.bukkit.BukkitCore.onDisable] - INFO - Shutting down ...
29/06/2019 07:31:28 - [fr.vmarchaud.mineweb.bukkit.BukkitCore.onEnable] - INFO - Loading ...
29/06/2019 07:31:28 - [fr.vmarchaud.mineweb.bukkit.BukkitCore.onEnable] - INFO - Registering route ...
29/06/2019 07:31:28 - [fr.vmarchaud.mineweb.bukkit.BukkitCore.onEnable] - INFO - Start http server ...
29/06/2019 07:31:28 - [fr.vmarchaud.mineweb.bukkit.BukkitCore.onEnable] - INFO - Registering methods ...
29/06/2019 07:31:28 - [fr.vmarchaud.mineweb.common.injector.WebThread.run] - INFO - HTTP server start failed! (null)
29/06/2019 07:31:28 - [fr.vmarchaud.mineweb.bukkit.BukkitCore.onEnable] - INFO - Starting CommandScheduler ...
29/06/2019 07:31:28 - [fr.vmarchaud.mineweb.bukkit.BukkitCore.onEnable] - INFO - Ready !
29/06/2019 07:36:30 - [fr.vmarchaud.mineweb.bukkit.BukkitCore.onDisable] - INFO - Shutting down ...
29/06/2019 07:36:53 - [fr.vmarchaud.mineweb.bukkit.BukkitCore.onEnable] - INFO - Loading ...
29/06/2019 07:36:53 - [fr.vmarchaud.mineweb.bukkit.BukkitCore.onEnable] - INFO - Registering route ...
29/06/2019 07:36:53 - [fr.vmarchaud.mineweb.bukkit.BukkitCore.onEnable] - INFO - Start http server ...
29/06/2019 07:36:53 - [fr.vmarchaud.mineweb.bukkit.BukkitCore.onEnable] - INFO - Registering methods ...
29/06/2019 07:36:53 - [fr.vmarchaud.mineweb.bukkit.BukkitCore.onEnable] - INFO - Starting CommandScheduler ...
29/06/2019 07:36:53 - [fr.vmarchaud.mineweb.common.injector.WebThread.run] - INFO - HTTP server start failed! (null)
29/06/2019 07:36:53 - [fr.vmarchaud.mineweb.bukkit.BukkitCore.onEnable] - INFO - Ready !
29/06/2019 07:40:17 - [fr.vmarchaud.mineweb.bukkit.BukkitCore.onDisable] - INFO - Shutting down ...
29/06/2019 07:40:44 - [fr.vmarchaud.mineweb.bukkit.BukkitCore.onEnable] - INFO - Loading ...
29/06/2019 07:40:44 - [fr.vmarchaud.mineweb.bukkit.BukkitCore.onEnable] - INFO - Registering route ...
29/06/2019 07:40:44 - [fr.vmarchaud.mineweb.bukkit.BukkitCore.onEnable] - INFO - Start http server ...
29/06/2019 07:40:44 - [fr.vmarchaud.mineweb.bukkit.BukkitCore.onEnable] - INFO - Registering methods ...
29/06/2019 07:40:44 - [fr.vmarchaud.mineweb.bukkit.BukkitCore.onEnable] - INFO - Starting CommandScheduler ...
29/06/2019 07:40:44 - [fr.vmarchaud.mineweb.common.injector.WebThread.run] - INFO - HTTP server start failed! (null)
29/06/2019 07:40:44 - [fr.vmarchaud.mineweb.bukkit.BukkitCore.onEnable] - INFO - Ready !
29/06/2019 08:13:21 - [fr.vmarchaud.mineweb.bukkit.BukkitCore.onDisable] - INFO - Shutting down ...
29/06/2019 08:13:46 - [fr.vmarchaud.mineweb.bukkit.BukkitCore.onEnable] - INFO - Loading ...
29/06/2019 08:13:46 - [fr.vmarchaud.mineweb.bukkit.BukkitCore.onEnable] - INFO - Registering route ...
29/06/2019 08:13:46 - [fr.vmarchaud.mineweb.bukkit.BukkitCore.onEnable] - INFO - Start http server ...
29/06/2019 08:13:46 - [fr.vmarchaud.mineweb.bukkit.BukkitCore.onEnable] - INFO - Registering methods ...
29/06/2019 08:13:46 - [fr.vmarchaud.mineweb.common.injector.WebThread.run] - INFO - HTTP server start failed! (null)
29/06/2019 08:13:46 - [fr.vmarchaud.mineweb.bukkit.BukkitCore.onEnable] - INFO - Starting CommandScheduler ...
29/06/2019 08:13:46 - [fr.vmarchaud.mineweb.bukkit.BukkitCore.onEnable] - INFO - Ready !
29/06/2019 08:16:02 - [fr.vmarchaud.mineweb.bukkit.BukkitCore.onDisable] - INFO - Shutting down ...
29/06/2019 08:16:25 - [fr.vmarchaud.mineweb.bukkit.BukkitCore.onEnable] - INFO - Loading ...
29/06/2019 08:16:25 - [fr.vmarchaud.mineweb.bukkit.BukkitCore.onEnable] - INFO - Registering route ...
29/06/2019 08:16:25 - [fr.vmarchaud.mineweb.bukkit.BukkitCore.onEnable] - INFO - Start http server ...
29/06/2019 08:16:25 - [fr.vmarchaud.mineweb.bukkit.BukkitCore.onEnable] - INFO - Registering methods ...
29/06/2019 08:16:25 - [fr.vmarchaud.mineweb.common.injector.WebThread.run] - INFO - HTTP server start failed! (null)
29/06/2019 08:16:25 - [fr.vmarchaud.mineweb.bukkit.BukkitCore.onEnable] - INFO - Starting CommandScheduler ...
29/06/2019 08:16:25 - [fr.vmarchaud.mineweb.bukkit.BukkitCore.onEnable] - INFO - Ready !
29/06/2019 08:21:59 - [fr.vmarchaud.mineweb.bukkit.BukkitCore.onDisable] - INFO - Shutting down ...
29/06/2019 08:22:23 - [fr.vmarchaud.mineweb.bukkit.BukkitCore.onEnable] - INFO - Loading ...
29/06/2019 08:22:23 - [fr.vmarchaud.mineweb.bukkit.BukkitCore.onEnable] - INFO - Registering route ...
29/06/2019 08:22:23 - [fr.vmarchaud.mineweb.bukkit.BukkitCore.onEnable] - INFO - Start http server ...
29/06/2019 08:22:23 - [fr.vmarchaud.mineweb.bukkit.BukkitCore.onEnable] - INFO - Registering methods ...
29/06/2019 08:22:23 - [fr.vmarchaud.mineweb.common.injector.WebThread.run] - INFO - HTTP server start failed! (null)
29/06/2019 08:22:23 - [fr.vmarchaud.mineweb.bukkit.BukkitCore.onEnable] - INFO - Starting CommandScheduler ...
29/06/2019 08:22:23 - [fr.vmarchaud.mineweb.bukkit.BukkitCore.onEnable] - INFO - Ready !
29/06/2019 08:32:59 - [fr.vmarchaud.mineweb.bukkit.BukkitCore.onDisable] - INFO - Shutting down ...
29/06/2019 08:33:24 - [fr.vmarchaud.mineweb.bukkit.BukkitCore.onEnable] - INFO - Loading ...
29/06/2019 08:33:24 - [fr.vmarchaud.mineweb.bukkit.BukkitCore.onEnable] - INFO - Registering route ...
29/06/2019 08:33:24 - [fr.vmarchaud.mineweb.bukkit.BukkitCore.onEnable] - INFO - Start http server ...
29/06/2019 08:33:24 - [fr.vmarchaud.mineweb.bukkit.BukkitCore.onEnable] - INFO - Registering methods ...
29/06/2019 08:33:24 - [fr.vmarchaud.mineweb.common.injector.WebThread.run] - INFO - HTTP server start failed! (null)
29/06/2019 08:33:24 - [fr.vmarchaud.mineweb.bukkit.BukkitCore.onEnable] - INFO - Starting CommandScheduler ...
29/06/2019 08:33:24 - [fr.vmarchaud.mineweb.bukkit.BukkitCore.onEnable] - INFO - Ready !
29/06/2019 08:34:48 - [fr.vmarchaud.mineweb.bukkit.BukkitCore.onDisable] - INFO - Shutting down ...
29/06/2019 08:35:11 - [fr.vmarchaud.mineweb.bukkit.BukkitCore.onEnable] - INFO - Loading ...
29/06/2019 08:35:11 - [fr.vmarchaud.mineweb.bukkit.BukkitCore.onEnable] - INFO - Registering route ...
29/06/2019 08:35:11 - [fr.vmarchaud.mineweb.bukkit.BukkitCore.onEnable] - INFO - Start http server ...
29/06/2019 08:35:11 - [fr.vmarchaud.mineweb.bukkit.BukkitCore.onEnable] - INFO - Registering methods ...
29/06/2019 08:35:11 - [fr.vmarchaud.mineweb.bukkit.BukkitCore.onEnable] - INFO - Starting CommandScheduler ...
29/06/2019 08:35:11 - [fr.vmarchaud.mineweb.common.injector.WebThread.run] - INFO - HTTP server start failed! (null)
29/06/2019 08:35:11 - [fr.vmarchaud.mineweb.bukkit.BukkitCore.onEnable] - INFO - Ready !
29/06/2019 08:35:20 - [fr.vmarchaud.mineweb.bukkit.BukkitCore.onDisable] - INFO - Shutting down ...
29/06/2019 08:35:43 - [fr.vmarchaud.mineweb.bukkit.BukkitCore.onEnable] - INFO - Loading ...
29/06/2019 08:35:43 - [fr.vmarchaud.mineweb.bukkit.BukkitCore.onEnable] - INFO - Registering route ...
29/06/2019 08:35:43 - [fr.vmarchaud.mineweb.bukkit.BukkitCore.onEnable] - INFO - Start http server ...
29/06/2019 08:35:43 - [fr.vmarchaud.mineweb.bukkit.BukkitCore.onEnable] - INFO - Registering methods ...
29/06/2019 08:35:43 - [fr.vmarchaud.mineweb.common.injector.WebThread.run] - INFO - HTTP server start failed! (null)
29/06/2019 08:35:43 - [fr.vmarchaud.mineweb.bukkit.BukkitCore.onEnable] - INFO - Starting CommandScheduler ...
29/06/2019 08:35:43 - [fr.vmarchaud.mineweb.bukkit.BukkitCore.onEnable] - INFO - Ready !
30/06/2019 03:06:00 - [fr.vmarchaud.mineweb.bukkit.BukkitCore.onDisable] - INFO - Shutting down ...
30/06/2019 03:06:27 - [fr.vmarchaud.mineweb.bukkit.BukkitCore.onEnable] - INFO - Loading ...
30/06/2019 03:06:27 - [fr.vmarchaud.mineweb.bukkit.BukkitCore.onEnable] - INFO - Registering route ...
30/06/2019 03:06:27 - [fr.vmarchaud.mineweb.bukkit.BukkitCore.onEnable] - INFO - Start http server ...
30/06/2019 03:06:27 - [fr.vmarchaud.mineweb.bukkit.BukkitCore.onEnable] - INFO - Registering methods ...
30/06/2019 03:06:27 - [fr.vmarchaud.mineweb.common.injector.WebThread.run] - INFO - HTTP server start failed! (null)
30/06/2019 03:06:27 - [fr.vmarchaud.mineweb.bukkit.BukkitCore.onEnable] - INFO - Starting CommandScheduler ...
30/06/2019 03:06:27 - [fr.vmarchaud.mineweb.bukkit.BukkitCore.onEnable] - INFO - Ready !
01/07/2019 10:21:34 - [fr.vmarchaud.mineweb.bukkit.BukkitCore.onDisable] - INFO - Shutting down ...
01/07/2019 10:22:53 - [fr.vmarchaud.mineweb.bukkit.BukkitCore.onEnable] - INFO - Loading ...
01/07/2019 10:22:53 - [fr.vmarchaud.mineweb.bukkit.BukkitCore.onEnable] - INFO - Registering route ...
01/07/2019 10:22:53 - [fr.vmarchaud.mineweb.bukkit.BukkitCore.onEnable] - INFO - Start http server ...
01/07/2019 10:22:53 - [fr.vmarchaud.mineweb.bukkit.BukkitCore.onEnable] - INFO - Registering methods ...
01/07/2019 10:22:53 - [fr.vmarchaud.mineweb.common.injector.WebThread.run] - INFO - HTTP server start failed! (null)
01/07/2019 10:22:53 - [fr.vmarchaud.mineweb.bukkit.BukkitCore.onEnable] - INFO - Starting CommandScheduler ...
01/07/2019 10:22:53 - [fr.vmarchaud.mineweb.bukkit.BukkitCore.onEnable] - INFO - Ready !
01/07/2019 08:41:38 - [fr.vmarchaud.mineweb.bukkit.BukkitCore.onDisable] - INFO - Shutting down ...
01/07/2019 08:49:39 - [fr.vmarchaud.mineweb.bukkit.BukkitCore.onEnable] - INFO - Loading ...
01/07/2019 08:49:39 - [fr.vmarchaud.mineweb.bukkit.BukkitCore.onEnable] - INFO - Registering route ...
01/07/2019 08:49:39 - [fr.vmarchaud.mineweb.bukkit.BukkitCore.onEnable] - INFO - Start http server ...
01/07/2019 08:49:39 - [fr.vmarchaud.mineweb.bukkit.BukkitCore.onEnable] - INFO - Registering methods ...
01/07/2019 08:49:39 - [fr.vmarchaud.mineweb.common.injector.WebThread.run] - INFO - HTTP server start failed! (null)
01/07/2019 08:49:39 - [fr.vmarchaud.mineweb.bukkit.BukkitCore.onEnable] - INFO - Starting CommandScheduler ...
01/07/2019 08:49:39 - [fr.vmarchaud.mineweb.bukkit.BukkitCore.onEnable] - INFO - Ready !
01/07/2019 09:06:50 - [fr.vmarchaud.mineweb.bukkit.BukkitCore.onDisable] - INFO - Shutting down ...
01/07/2019 09:07:39 - [fr.vmarchaud.mineweb.bukkit.BukkitCore.onEnable] - INFO - Loading ...
01/07/2019 09:07:39 - [fr.vmarchaud.mineweb.bukkit.BukkitCore.onEnable] - INFO - Registering route ...
01/07/2019 09:07:39 - [fr.vmarchaud.mineweb.bukkit.BukkitCore.onEnable] - INFO - Start http server ...
01/07/2019 09:07:39 - [fr.vmarchaud.mineweb.bukkit.BukkitCore.onEnable] - INFO - Registering methods ...
01/07/2019 09:07:39 - [fr.vmarchaud.mineweb.common.injector.WebThread.run] - INFO - HTTP server start failed! (null)
01/07/2019 09:07:39 - [fr.vmarchaud.mineweb.bukkit.BukkitCore.onEnable] - INFO - Starting CommandScheduler ...
01/07/2019 09:07:39 - [fr.vmarchaud.mineweb.bukkit.BukkitCore.onEnable] - INFO - Ready !
01/07/2019 09:08:06 - [fr.vmarchaud.mineweb.bukkit.BukkitCore.onDisable] - INFO - Shutting down ...
01/07/2019 09:08:30 - [fr.vmarchaud.mineweb.bukkit.BukkitCore.onEnable] - INFO - Loading ...
01/07/2019 09:08:30 - [fr.vmarchaud.mineweb.bukkit.BukkitCore.onEnable] - INFO - Registering route ...
01/07/2019 09:08:30 - [fr.vmarchaud.mineweb.bukkit.BukkitCore.onEnable] - INFO - Start http server ...
01/07/2019 09:08:30 - [fr.vmarchaud.mineweb.bukkit.BukkitCore.onEnable] - INFO - Registering methods ...
01/07/2019 09:08:30 - [fr.vmarchaud.mineweb.common.injector.WebThread.run] - INFO - HTTP server start failed! (null)
01/07/2019 09:08:30 - [fr.vmarchaud.mineweb.bukkit.BukkitCore.onEnable] - INFO - Starting CommandScheduler ...
01/07/2019 09:08:30 - [fr.vmarchaud.mineweb.bukkit.BukkitCore.onEnable] - INFO - Ready !
01/07/2019 09:15:25 - [fr.vmarchaud.mineweb.bukkit.BukkitCore.onDisable] - INFO - Shutting down ...
01/07/2019 09:15:48 - [fr.vmarchaud.mineweb.bukkit.BukkitCore.onEnable] - INFO - Loading ...
01/07/2019 09:15:49 - [fr.vmarchaud.mineweb.bukkit.BukkitCore.onEnable] - INFO - Registering route ...
01/07/2019 09:15:49 - [fr.vmarchaud.mineweb.bukkit.BukkitCore.onEnable] - INFO - Start http server ...
01/07/2019 09:15:49 - [fr.vmarchaud.mineweb.bukkit.BukkitCore.onEnable] - INFO - Registering methods ...
01/07/2019 09:15:49 - [fr.vmarchaud.mineweb.common.injector.WebThread.run] - INFO - HTTP server start failed! (null)
01/07/2019 09:15:49 - [fr.vmarchaud.mineweb.bukkit.BukkitCore.onEnable] - INFO - Starting CommandScheduler ...
01/07/2019 09:15:49 - [fr.vmarchaud.mineweb.bukkit.BukkitCore.onEnable] - INFO - Ready !
01/07/2019 10:21:58 - [fr.vmarchaud.mineweb.bukkit.BukkitCore.onDisable] - INFO - Shutting down ...
01/07/2019 10:22:24 - [fr.vmarchaud.mineweb.bukkit.BukkitCore.onEnable] - INFO - Loading ...
01/07/2019 10:22:24 - [fr.vmarchaud.mineweb.bukkit.BukkitCore.onEnable] - INFO - Registering route ...
01/07/2019 10:22:24 - [fr.vmarchaud.mineweb.bukkit.BukkitCore.onEnable] - INFO - Start http server ...
01/07/2019 10:22:24 - [fr.vmarchaud.mineweb.bukkit.BukkitCore.onEnable] - INFO - Registering methods ...
01/07/2019 10:22:24 - [fr.vmarchaud.mineweb.bukkit.BukkitCore.onEnable] - INFO - Starting CommandScheduler ...
01/07/2019 10:22:24 - [fr.vmarchaud.mineweb.common.injector.WebThread.run] - INFO - HTTP server start failed! (null)
01/07/2019 10:22:24 - [fr.vmarchaud.mineweb.bukkit.BukkitCore.onEnable] - INFO - Ready !
01/07/2019 10:25:34 - [fr.vmarchaud.mineweb.bukkit.BukkitCore.onDisable] - INFO - Shutting down ...
01/07/2019 10:26:19 - [fr.vmarchaud.mineweb.bukkit.BukkitCore.onEnable] - INFO - Loading ...
01/07/2019 10:26:19 - [fr.vmarchaud.mineweb.bukkit.BukkitCore.onEnable] - INFO - Registering route ...
01/07/2019 10:26:19 - [fr.vmarchaud.mineweb.bukkit.BukkitCore.onEnable] - INFO - Start http server ...
01/07/2019 10:26:19 - [fr.vmarchaud.mineweb.bukkit.BukkitCore.onEnable] - INFO - Registering methods ...
01/07/2019 10:26:19 - [fr.vmarchaud.mineweb.bukkit.BukkitCore.onEnable] - INFO - Starting CommandScheduler ...
01/07/2019 10:26:19 - [fr.vmarchaud.mineweb.bukkit.BukkitCore.onEnable] - INFO - Ready !
01/07/2019 10:26:19 - [fr.vmarchaud.mineweb.common.injector.WebThread.run] - INFO - HTTP server start failed! (null)
01/07/2019 10:35:06 - [fr.vmarchaud.mineweb.bukkit.BukkitCore.onDisable] - INFO - Shutting down ...
01/07/2019 10:36:19 - [fr.vmarchaud.mineweb.bukkit.BukkitCore.onEnable] - INFO - Loading ...
01/07/2019 10:36:19 - [fr.vmarchaud.mineweb.bukkit.BukkitCore.onEnable] - INFO - Registering route ...
01/07/2019 10:36:19 - [fr.vmarchaud.mineweb.bukkit.BukkitCore.onEnable] - INFO - Start http server ...
01/07/2019 10:36:19 - [fr.vmarchaud.mineweb.bukkit.BukkitCore.onEnable] - INFO - Registering methods ...
01/07/2019 10:36:19 - [fr.vmarchaud.mineweb.common.injector.WebThread.run] - INFO - HTTP server start failed! (null)
01/07/2019 10:36:19 - [fr.vmarchaud.mineweb.bukkit.BukkitCore.onEnable] - INFO - Starting CommandScheduler ...
01/07/2019 10:36:19 - [fr.vmarchaud.mineweb.bukkit.BukkitCore.onEnable] - INFO - Ready !
